<?xml version="1.0" encoding="UTF-8"?>
<!-- Generated by org.testng.reporters.JUnitReportReporter -->
<testsuite hostname="DESKTOP-GI3DA43" name="com.hrm.qa.testcases.DashBoardPageTest" tests="13" failures="0" timestamp="23 Jul 2019 05:42:06 GMT" time="230.408" errors="0">
  <testcase name="VerifyMaintenanceLink" time="17.218" classname="com.hrm.qa.testcases.DashBoardPageTest"/>
  <testcase name="VerifyTimeLink" time="17.337" classname="com.hrm.qa.testcases.DashBoardPageTest"/>
  <testcase name="VerifyTimesheetsLink" time="18.278" classname="com.hrm.qa.testcases.DashBoardPageTest"/>
  <testcase name="VerifyPIMLinkPage" time="17.406" classname="com.hrm.qa.testcases.DashBoardPageTest"/>
  <testcase name="VerifyPerformanceLink" time="15.805" classname="com.hrm.qa.testcases.DashBoardPageTest"/>
  <testcase name="VerifyLeaveListLink" time="18.144" classname="com.hrm.qa.testcases.DashBoardPageTest"/>
  <testcase name="VerifyLeaveLinkPage" time="17.889" classname="com.hrm.qa.testcases.DashBoardPageTest"/>
  <testcase name="VerifyAssignLeavelLink" time="20.768" classname="com.hrm.qa.testcases.DashBoardPageTest"/>
  <testcase name="AdminLabel" time="13.307" classname="com.hrm.qa.testcases.DashBoardPageTest"/>
  <testcase name="VerifyDirectoryLink" time="23.480" classname="com.hrm.qa.testcases.DashBoardPageTest"/>
  <testcase name="adminLinkPage" time="15.125" classname="com.hrm.qa.testcases.DashBoardPageTest"/>
  <testcase name="VerifyDashBoardLink" time="17.151" classname="com.hrm.qa.testcases.DashBoardPageTest"/>
  <testcase name="VerifyRecruitmentLink" time="18.500" classname="com.hrm.qa.testcases.DashBoardPageTest"/>
</testsuite> <!-- com.hrm.qa.testcases.DashBoardPageTest -->
