<?xml version="1.0" encoding="UTF-8"?>
<!-- Generated by org.testng.reporters.JUnitReportReporter -->
<testsuite hostname="DESKTOP-GI3DA43" name="com.hrm.qa.testcases.LoginPageTest" tests="3" failures="0" timestamp="22 Jul 2019 06:21:52 GMT" time="35.657" errors="0">
  <testcase name="loginPageTitleTest" time="10.688" classname="com.hrm.qa.testcases.LoginPageTest"/>
  <testcase name="loginTest" time="13.503" classname="com.hrm.qa.testcases.LoginPageTest"/>
  <testcase name="hrmLogoImageTest" time="11.466" classname="com.hrm.qa.testcases.LoginPageTest"/>
</testsuite> <!-- com.hrm.qa.testcases.LoginPageTest -->
